\BOOKMARK [1][-]{section.1}{\376\377\000E\000i\000n\000l\000e\000i\000t\000u\000n\000g\000\040\000u\000n\000d\000\040\000Z\000i\000e\000l\000s\000e\000t\000z\000u\000n\000g\000\040\000d\000e\000s\000\040\000P\000r\000o\000j\000e\000k\000t\000s}{}% 1
\BOOKMARK [1][-]{section.2}{\376\377\000D\000a\000t\000e\000n\000s\000a\000t\000z\000\040\000E\000M\000N\000I\000S\000T}{}% 2
\BOOKMARK [2][-]{subsection.2.1}{\376\377\000A\000n\000f\000o\000r\000d\000e\000r\000u\000n\000g\000e\000n\000\040\000a\000n\000\040\000d\000e\000n\000\040\000D\000a\000t\000e\000n\000s\000a\000t\000z\000\040\000E\000M\000N\000I\000S\000T}{section.2}% 3
\BOOKMARK [1][-]{section.3}{\376\377\000I\000m\000p\000l\000e\000m\000e\000n\000t\000i\000e\000r\000u\000n\000g}{}% 4
\BOOKMARK [2][-]{subsection.3.1}{\376\377\000D\000a\000t\000e\000n\000v\000o\000r\000b\000e\000r\000e\000i\000t\000u\000n\000g}{section.3}% 5
\BOOKMARK [3][-]{subsubsection.3.1.1}{\376\377\000Z\000u\000o\000r\000d\000n\000u\000n\000g\000\040\000L\000a\000b\000e\000l\000\040\040\023\000\040\000A\000S\000C\000I\000I\000-\000Z\000e\000i\000c\000h\000e\000n\000\040\040\023\000\040\000B\000u\000c\000h\000s\000t\000a\000b\000e}{subsection.3.1}% 6
\BOOKMARK [3][-]{subsubsection.3.1.2}{\376\377\000D\000a\000t\000e\000n\000b\000e\000s\000c\000h\000a\000f\000f\000u\000n\000g}{subsection.3.1}% 7
\BOOKMARK [3][-]{subsubsection.3.1.3}{\376\377\000N\000o\000r\000m\000i\000e\000r\000u\000n\000g\000\040\000u\000n\000d\000\040\000S\000k\000a\000l\000i\000e\000r\000u\000n\000g\000\040\000d\000e\000s\000\040\000D\000a\000t\000e\000n\000s\000a\000t\000z\000e\000s}{subsection.3.1}% 8
\BOOKMARK [2][-]{subsection.3.2}{\376\377\000D\000a\000t\000e\000n\000v\000e\000r\000a\000r\000b\000e\000i\000t\000u\000n\000g}{section.3}% 9
\BOOKMARK [3][-]{subsubsection.3.2.1}{\376\377\000L\000a\000b\000e\000l\000\040\000M\000a\000p\000p\000i\000n\000g\000\040\000a\000u\000f\000\040\000d\000i\000e\000\040\000A\000u\000s\000g\000\344\000n\000g\000e\000\040\000d\000e\000s\000\040\000N\000e\000u\000r\000o\000n\000a\000l\000e\000n\000\040\000N\000e\000t\000z\000e\000s}{subsection.3.2}% 10
\BOOKMARK [3][-]{subsubsection.3.2.2}{\376\377\000A\000n\000w\000e\000n\000d\000u\000n\000g\000\040\000v\000o\000n\000\040\000A\000u\000g\000m\000e\000n\000t\000i\000e\000r\000u\000n\000g\000e\000n}{subsection.3.2}% 11
\BOOKMARK [3][-]{subsubsection.3.2.3}{\376\377\000A\000u\000s\000w\000a\000h\000l\000\040\000d\000e\000r\000\040\000D\000a\000t\000e\000n\000a\000u\000g\000m\000e\000n\000t\000i\000e\000r\000u\000n\000g}{subsection.3.2}% 12
\BOOKMARK [1][-]{section.4}{\376\377\000M\000o\000d\000e\000l\000l\000a\000r\000c\000h\000i\000t\000e\000k\000t\000u\000r}{}% 13
\BOOKMARK [2][-]{subsection.4.1}{\376\377\000U\000r\000s\000p\000r\000\374\000n\000g\000l\000i\000c\000h\000e\000\040\000M\000o\000d\000e\000l\000l\000a\000r\000c\000h\000i\000t\000e\000k\000t\000u\000r}{section.4}% 14
\BOOKMARK [2][-]{subsection.4.2}{\376\377\000E\000x\000p\000e\000r\000i\000m\000e\000n\000t\000e\000l\000l\000e\000\040\000M\000o\000d\000e\000l\000l\000a\000r\000c\000h\000i\000t\000e\000k\000t\000u\000r}{section.4}% 15
\BOOKMARK [3][-]{subsubsection.4.2.1}{\376\377\000E\000x\000p\000e\000r\000i\000m\000e\000n\000t\000e\000l\000l\000e\000\040\000M\000o\000d\000e\000l\000l\000a\000r\000c\000h\000i\000t\000e\000k\000t\000u\000r\000\040\000-\000\040\000A\000n\000s\000a\000t\000z\000\040\0001}{subsection.4.2}% 16
\BOOKMARK [3][-]{subsubsection.4.2.2}{\376\377\000E\000x\000p\000e\000r\000i\000m\000e\000n\000t\000e\000l\000l\000e\000\040\000M\000o\000d\000e\000l\000l\000a\000r\000c\000h\000i\000t\000e\000k\000t\000u\000r\000\040\000-\000\040\000A\000n\000s\000a\000t\000z\000\040\0002}{subsection.4.2}% 17
\BOOKMARK [1][-]{section.5}{\376\377\000T\000r\000a\000i\000n\000i\000n\000g\000s\000p\000r\000o\000z\000e\000s\000s}{}% 18
\BOOKMARK [2][-]{subsection.5.1}{\376\377\000T\000r\000a\000i\000n\000i\000n\000g\000s\000s\000t\000r\000a\000t\000e\000g\000i\000e}{section.5}% 19
\BOOKMARK [2][-]{subsection.5.2}{\376\377\000E\000v\000a\000l\000u\000a\000t\000i\000o\000n\000\040\000u\000n\000d\000\040\000P\000r\000o\000t\000o\000k\000o\000l\000l\000i\000e\000r\000u\000n\000g}{section.5}% 20
\BOOKMARK [3][-]{subsubsection.5.2.1}{\376\377\000M\000e\000s\000s\000u\000n\000g\000\040\000d\000e\000r\000\040\000M\000o\000d\000e\000l\000l\000l\000e\000i\000s\000t\000u\000n\000g}{subsection.5.2}% 21
\BOOKMARK [3][-]{subsubsection.5.2.2}{\376\377\000P\000r\000o\000t\000o\000k\000o\000l\000l\000i\000e\000r\000u\000n\000g}{subsection.5.2}% 22
\BOOKMARK [1][-]{section.6}{\376\377\000H\000y\000p\000e\000r\000p\000a\000r\000a\000m\000e\000t\000e\000r\000-\000T\000u\000n\000i\000n\000g}{}% 23
\BOOKMARK [1][-]{section.7}{\376\377\000D\000u\000r\000c\000h\000f\000\374\000h\000r\000u\000n\000g\000\040\000d\000e\000s\000\040\000H\000y\000p\000e\000r\000p\000a\000r\000a\000m\000e\000t\000e\000r\000-\000T\000u\000n\000i\000n\000g\000s\000\040\000u\000n\000d\000\040\000A\000u\000s\000w\000a\000h\000l\000\040\000d\000e\000s\000\040\000b\000e\000s\000t\000e\000n\000\040\000M\000o\000d\000e\000l\000l\000s}{}% 24
\BOOKMARK [2][-]{subsection.7.1}{\376\377\000M\000o\000d\000e\000l\000l\000\040\000R\000e\000s\000n\000e\000t\000-\0001\0008\000\040\000m\000i\000t\000\040\000e\000i\000g\000e\000n\000e\000n\000\040\000C\000l\000a\000s\000s\000i\000f\000i\000e\000r}{section.7}% 25
\BOOKMARK [3][-]{subsubsection.7.1.1}{\376\377\000H\000y\000p\000e\000r\000p\000a\000r\000a\000m\000e\000t\000e\000r\000-\000T\000u\000n\000i\000n\000g}{subsection.7.1}% 26
\BOOKMARK [3][-]{subsubsection.7.1.2}{\376\377\000F\000i\000n\000a\000l\000e\000s\000\040\000M\000o\000d\000e\000l\000l}{subsection.7.1}% 27
\BOOKMARK [2][-]{subsection.7.2}{\376\377\000M\000o\000d\000e\000l\000l\000\040\000R\000e\000s\000n\000e\000t\000-\0001\0008\000\040\000m\000i\000t\000\040\000E\000x\000p\000e\000r\000i\000m\000e\000n\000t\000e\000l\000l\000e\000n\000\040\000C\000l\000a\000s\000s\000i\000f\000i\000e\000r\000\040\000-\000\040\000A\000n\000s\000a\000t\000z\000\040\0001}{section.7}% 28
\BOOKMARK [3][-]{subsubsection.7.2.1}{\376\377\000H\000y\000p\000e\000r\000p\000a\000r\000a\000m\000e\000t\000e\000r\000-\000T\000u\000n\000i\000n\000g}{subsection.7.2}% 29
\BOOKMARK [3][-]{subsubsection.7.2.2}{\376\377\000F\000i\000n\000a\000l\000e\000s\000\040\000M\000o\000d\000e\000l\000l}{subsection.7.2}% 30
\BOOKMARK [2][-]{subsection.7.3}{\376\377\000M\000o\000d\000e\000l\000l\000\040\000R\000e\000s\000n\000e\000t\000-\0001\0008\000\040\000m\000i\000t\000\040\000E\000x\000p\000e\000r\000i\000m\000e\000n\000t\000e\000l\000l\000e\000n\000\040\000C\000l\000a\000s\000s\000i\000f\000i\000e\000r\000\040\000-\000\040\000A\000n\000s\000a\000t\000z\000\040\0002}{section.7}% 31
\BOOKMARK [3][-]{subsubsection.7.3.1}{\376\377\000H\000y\000p\000e\000r\000p\000a\000r\000a\000m\000e\000t\000e\000r\000-\000T\000u\000n\000i\000n\000g}{subsection.7.3}% 32
\BOOKMARK [3][-]{subsubsection.7.3.2}{\376\377\000F\000i\000n\000a\000l\000e\000s\000\040\000M\000o\000d\000e\000l\000l}{subsection.7.3}% 33
\BOOKMARK [1][-]{section.8}{\376\377\000F\000a\000z\000i\000t}{}% 34
\BOOKMARK [2][-]{subsection.8.1}{\376\377\000A\000b\000s\000c\000h\000l\000i\000e\000\337\000e\000n\000d\000e\000\040\000B\000e\000w\000e\000r\000t\000u\000n\000g\000\040\000d\000e\000r\000\040\000M\000o\000d\000e\000l\000l\000e}{section.8}% 35
\BOOKMARK [2][-]{subsection.8.2}{\376\377\000P\000e\000r\000s\000\366\000n\000l\000i\000c\000h\000e\000s\000\040\000F\000a\000z\000i\000t}{section.8}% 36
\BOOKMARK [1][-]{section.9}{\376\377\000A\000n\000h\000a\000n\000g}{}% 37
\BOOKMARK [2][-]{subsection.9.1}{\376\377\000V\000i\000s\000u\000a\000l\000i\000s\000i\000e\000r\000u\000n\000g\000\040\000d\000e\000r\000\040\000A\000u\000g\000m\000e\000n\000t\000a\000t\000i\000o\000n\000e\000n}{section.9}% 38
\BOOKMARK [2][-]{subsection.9.2}{\376\377\000B\000e\000d\000e\000u\000t\000u\000n\000g\000\040\000d\000e\000r\000\040\000H\000y\000p\000e\000r\000p\000a\000r\000a\000m\000e\000t\000e\000r}{section.9}% 39
\BOOKMARK [1][-]{section*.4}{\376\377\000L\000i\000t\000e\000r\000a\000t\000u\000r}{}% 40
